<?xml version="1.0" encoding="UTF-8"?>
<coverage generated="1670192126411" clover="3.2.0">
  <project timestamp="1670192126411" name="All files">
    <metrics statements="28" coveredstatements="25" conditionals="13" coveredconditionals="12" methods="2" coveredmethods="2" elements="43" coveredelements="39" complexity="0" loc="28" ncloc="28" packages="1" files="1" classes="1"/>
    <file name="cpf.ts" path="/home/yanwr/projects/clean-code-branas/online-service/src/cpf.ts">
      <metrics statements="28" coveredstatements="25" conditionals="13" coveredconditionals="12" methods="2" coveredmethods="2"/>
      <line num="2" count="1" type="stmt"/>
      <line num="3" count="10" type="cond" truecount="2" falsecount="0"/>
      <line num="4" count="9" type="cond" truecount="1" falsecount="0"/>
      <line num="5" count="8" type="cond" truecount="3" falsecount="1"/>
      <line num="7" count="8" type="stmt"/>
      <line num="13" count="26" type="cond" truecount="2" falsecount="0"/>
      <line num="14" count="6" type="stmt"/>
      <line num="19" count="6" type="stmt"/>
      <line num="20" count="6" type="stmt"/>
      <line num="22" count="6" type="stmt"/>
      <line num="23" count="54" type="stmt"/>
      <line num="24" count="54" type="stmt"/>
      <line num="26" count="54" type="stmt"/>
      <line num="29" count="6" type="stmt"/>
      <line num="31" count="6" type="cond" truecount="2" falsecount="0"/>
      <line num="32" count="6" type="stmt"/>
      <line num="33" count="6" type="stmt"/>
      <line num="34" count="6" type="cond" truecount="2" falsecount="0"/>
      <line num="35" count="3" type="stmt"/>
      <line num="37" count="3" type="stmt"/>
      <line num="39" count="6" type="stmt"/>
      <line num="40" count="6" type="stmt"/>
      <line num="41" count="6" type="stmt"/>
      <line num="43" count="0" type="stmt"/>
      <line num="45" count="0" type="stmt"/>
      <line num="47" count="2" type="stmt"/>
      <line num="49" count="0" type="stmt"/>
      <line num="53" count="1" type="stmt"/>
    </file>
  </project>
</coverage>
