<?xml version="1.0" encoding="UTF-8"?>
<coverage generated="1677957308081" clover="3.2.0">
  <project timestamp="1677957308081" name="All files">
    <metrics statements="18" coveredstatements="18" conditionals="7" coveredconditionals="7" methods="6" coveredmethods="6" elements="31" coveredelements="31" complexity="0" loc="18" ncloc="18" packages="1" files="1" classes="1"/>
    <file name="CpfValidator.ts" path="/mnt/d/Projects/ordpro-service/src/CpfValidator.ts">
      <metrics statements="18" coveredstatements="18" conditionals="7" coveredconditionals="7" methods="6" coveredmethods="6"/>
      <line num="1" count="1" type="stmt"/>
      <line num="2" count="20" type="cond" truecount="1" falsecount="0"/>
      <line num="3" count="18" type="stmt"/>
      <line num="4" count="18" type="cond" truecount="3" falsecount="0"/>
      <line num="6" count="7" type="stmt"/>
      <line num="7" count="7" type="stmt"/>
      <line num="8" count="7" type="stmt"/>
      <line num="9" count="7" type="stmt"/>
      <line num="11" count="7" type="stmt"/>
      <line num="15" count="14" type="stmt"/>
      <line num="16" count="14" type="stmt"/>
      <line num="17" count="154" type="cond" truecount="1" falsecount="0"/>
      <line num="19" count="14" type="stmt"/>
      <line num="20" count="14" type="cond" truecount="2" falsecount="0"/>
      <line num="24" count="18" type="stmt"/>
      <line num="28" count="17" type="stmt"/>
      <line num="29" count="124" type="stmt"/>
      <line num="33" count="7" type="stmt"/>
    </file>
  </project>
</coverage>
