{"/home/yanwr/projects/clean-code-branas/online-service/src/cpf.ts": {"path":"/home/yanwr/projects/clean-code-branas/online-service/src/cpf.ts","statementMap":{"0":{"start":{"line":3,"column":4},"end":{"line":53,"column":21}},"1":{"start":{"line":4,"column":8},"end":{"line":50,"column":null}},"2":{"start":{"line":5,"column":12},"end":{"line":49,"column":31}},"3":{"start":{"line":7,"column":16},"end":{"line":11,"column":37}},"4":{"start":{"line":13,"column":16},"end":{"line":47,"column":null}},"5":{"start":{"line":13,"column":46},"end":{"line":13,"column":58}},"6":{"start":{"line":14,"column":20},"end":{"line":46,"column":null}},"7":{"start":{"line":19,"column":24},"end":{"line":19,"column":36}},"8":{"start":{"line":20,"column":24},"end":{"line":20,"column":45}},"9":{"start":{"line":22,"column":24},"end":{"line":27,"column":26}},"10":{"start":{"line":22,"column":42},"end":{"line":22,"column":43}},"11":{"start":{"line":23,"column":28},"end":{"line":23,"column":80}},"12":{"start":{"line":24,"column":28},"end":{"line":24,"column":63}},"13":{"start":{"line":26,"column":28},"end":{"line":26,"column":63}},"14":{"start":{"line":29,"column":24},"end":{"line":29,"column":41}},"15":{"start":{"line":31,"column":24},"end":{"line":31,"column":63}},"16":{"start":{"line":32,"column":24},"end":{"line":32,"column":38}},"17":{"start":{"line":33,"column":24},"end":{"line":33,"column":41}},"18":{"start":{"line":34,"column":24},"end":{"line":37,"column":44}},"19":{"start":{"line":35,"column":28},"end":{"line":35,"column":36}},"20":{"start":{"line":37,"column":28},"end":{"line":37,"column":44}},"21":{"start":{"line":39,"column":46},"end":{"line":39,"column":85}},"22":{"start":{"line":40,"column":24},"end":{"line":40,"column":57}},"23":{"start":{"line":41,"column":24},"end":{"line":41,"column":57}},"24":{"start":{"line":43,"column":24},"end":{"line":43,"column":50}},"25":{"start":{"line":45,"column":24},"end":{"line":45,"column":37}},"26":{"start":{"line":47,"column":23},"end":{"line":47,"column":null}},"27":{"start":{"line":49,"column":18},"end":{"line":49,"column":31}},"28":{"start":{"line":53,"column":8},"end":{"line":53,"column":21}},"29":{"start":{"line":2,"column":0},"end":{"line":2,"column":16}}},"fnMap":{"0":{"name":"validate","decl":{"start":{"line":2,"column":16},"end":{"line":2,"column":24}},"loc":{"start":{"line":2,"column":28},"end":{"line":54,"column":1}}},"1":{"name":"(anonymous_1)","decl":{"start":{"line":13,"column":41},"end":{"line":13,"column":42}},"loc":{"start":{"line":13,"column":46},"end":{"line":13,"column":58}}}},"branchMap":{"0":{"loc":{"start":{"line":3,"column":4},"end":{"line":53,"column":21}},"type":"if","locations":[{"start":{"line":3,"column":4},"end":{"line":53,"column":21}},{"start":{"line":53,"column":8},"end":{"line":53,"column":21}}]},"1":{"loc":{"start":{"line":4,"column":8},"end":{"line":50,"column":null}},"type":"if","locations":[{"start":{"line":4,"column":8},"end":{"line":50,"column":null}}]},"2":{"loc":{"start":{"line":5,"column":12},"end":{"line":49,"column":31}},"type":"if","locations":[{"start":{"line":5,"column":12},"end":{"line":49,"column":31}},{"start":{"line":49,"column":18},"end":{"line":49,"column":31}}]},"3":{"loc":{"start":{"line":5,"column":16},"end":{"line":5,"column":52}},"type":"binary-expr","locations":[{"start":{"line":5,"column":16},"end":{"line":5,"column":32}},{"start":{"line":5,"column":36},"end":{"line":5,"column":52}}]},"4":{"loc":{"start":{"line":13,"column":16},"end":{"line":47,"column":null}},"type":"if","locations":[{"start":{"line":13,"column":16},"end":{"line":47,"column":null}},{"start":{"line":47,"column":23},"end":{"line":47,"column":null}}]},"5":{"loc":{"start":{"line":31,"column":30},"end":{"line":31,"column":62}},"type":"cond-expr","locations":[{"start":{"line":31,"column":43},"end":{"line":31,"column":50}},{"start":{"line":31,"column":53},"end":{"line":31,"column":62}}]},"6":{"loc":{"start":{"line":34,"column":24},"end":{"line":37,"column":44}},"type":"if","locations":[{"start":{"line":34,"column":24},"end":{"line":37,"column":44}},{"start":{"line":37,"column":28},"end":{"line":37,"column":44}}]}},"s":{"0":10,"1":9,"2":8,"3":8,"4":8,"5":26,"6":6,"7":6,"8":6,"9":6,"10":6,"11":54,"12":54,"13":54,"14":6,"15":6,"16":6,"17":6,"18":6,"19":3,"20":3,"21":6,"22":6,"23":6,"24":0,"25":0,"26":2,"27":0,"28":1,"29":1},"f":{"0":10,"1":26},"b":{"0":[9,1],"1":[8],"2":[8,0],"3":[8,1],"4":[6,2],"5":[2,4],"6":[3,3]}}
}
