{"/mnt/d/Projects/ordpro-service/src/CpfValidator.ts": {"path":"/mnt/d/Projects/ordpro-service/src/CpfValidator.ts","statementMap":{"0":{"start":{"line":2,"column":4},"end":{"line":2,"column":30}},"1":{"start":{"line":2,"column":17},"end":{"line":2,"column":30}},"2":{"start":{"line":3,"column":21},"end":{"line":3,"column":46}},"3":{"start":{"line":4,"column":4},"end":{"line":4,"column":78}},"4":{"start":{"line":4,"column":65},"end":{"line":4,"column":78}},"5":{"start":{"line":6,"column":19},"end":{"line":6,"column":47}},"6":{"start":{"line":7,"column":19},"end":{"line":7,"column":47}},"7":{"start":{"line":8,"column":25},"end":{"line":8,"column":48}},"8":{"start":{"line":9,"column":27},"end":{"line":9,"column":47}},"9":{"start":{"line":11,"column":4},"end":{"line":11,"column":43}},"10":{"start":{"line":1,"column":0},"end":{"line":1,"column":16}},"11":{"start":{"line":15,"column":16},"end":{"line":15,"column":17}},"12":{"start":{"line":16,"column":4},"end":{"line":18,"column":null}},"13":{"start":{"line":17,"column":8},"end":{"line":17,"column":61}},"14":{"start":{"line":17,"column":24},"end":{"line":17,"column":61}},"15":{"start":{"line":19,"column":17},"end":{"line":19,"column":27}},"16":{"start":{"line":20,"column":4},"end":{"line":20,"column":null}},"17":{"start":{"line":24,"column":4},"end":{"line":24,"column":29}},"18":{"start":{"line":28,"column":27},"end":{"line":28,"column":30}},"19":{"start":{"line":29,"column":4},"end":{"line":29,"column":null}},"20":{"start":{"line":29,"column":40},"end":{"line":29,"column":60}},"21":{"start":{"line":33,"column":4},"end":{"line":33,"column":24}}},"fnMap":{"0":{"name":"validate","decl":{"start":{"line":1,"column":16},"end":{"line":1,"column":24}},"loc":{"start":{"line":1,"column":58},"end":{"line":12,"column":1}}},"1":{"name":"calculateDigit","decl":{"start":{"line":14,"column":9},"end":{"line":14,"column":23}},"loc":{"start":{"line":14,"column":52},"end":{"line":21,"column":1}}},"2":{"name":"isInvalidLength","decl":{"start":{"line":23,"column":9},"end":{"line":23,"column":24}},"loc":{"start":{"line":23,"column":36},"end":{"line":25,"column":1}}},"3":{"name":"allDigitsTheSame","decl":{"start":{"line":27,"column":9},"end":{"line":27,"column":25}},"loc":{"start":{"line":27,"column":37},"end":{"line":30,"column":1}}},"4":{"name":"(anonymous_4)","decl":{"start":{"line":29,"column":31},"end":{"line":29,"column":36}},"loc":{"start":{"line":29,"column":40},"end":{"line":29,"column":60}}},"5":{"name":"extractDigits","decl":{"start":{"line":32,"column":9},"end":{"line":32,"column":22}},"loc":{"start":{"line":32,"column":34},"end":{"line":34,"column":1}}}},"branchMap":{"0":{"loc":{"start":{"line":2,"column":4},"end":{"line":2,"column":30}},"type":"if","locations":[{"start":{"line":2,"column":4},"end":{"line":2,"column":30}}]},"1":{"loc":{"start":{"line":4,"column":4},"end":{"line":4,"column":78}},"type":"if","locations":[{"start":{"line":4,"column":4},"end":{"line":4,"column":78}}]},"2":{"loc":{"start":{"line":4,"column":8},"end":{"line":4,"column":63}},"type":"binary-expr","locations":[{"start":{"line":4,"column":8},"end":{"line":4,"column":33}},{"start":{"line":4,"column":37},"end":{"line":4,"column":63}}]},"3":{"loc":{"start":{"line":17,"column":8},"end":{"line":17,"column":61}},"type":"if","locations":[{"start":{"line":17,"column":8},"end":{"line":17,"column":61}}]},"4":{"loc":{"start":{"line":20,"column":11},"end":{"line":20,"column":35}},"type":"cond-expr","locations":[{"start":{"line":20,"column":22},"end":{"line":20,"column":23}},{"start":{"line":20,"column":26},"end":{"line":20,"column":35}}]}},"s":{"0":20,"1":2,"2":18,"3":18,"4":11,"5":7,"6":7,"7":7,"8":7,"9":7,"10":1,"11":14,"12":14,"13":154,"14":133,"15":14,"16":14,"17":18,"18":17,"19":17,"20":124,"21":7},"f":{"0":20,"1":14,"2":18,"3":17,"4":124,"5":7},"b":{"0":[2],"1":[11],"2":[18,17],"3":[133],"4":[5,9]}}
}
