TN:
SF:src/cpf.ts
FN:2,validate
FN:13,(anonymous_1)
FNF:2
FNH:2
FNDA:10,validate
FNDA:26,(anonymous_1)
DA:2,1
DA:3,10
DA:4,9
DA:5,8
DA:7,8
DA:13,26
DA:14,6
DA:19,6
DA:20,6
DA:22,6
DA:23,54
DA:24,54
DA:26,54
DA:29,6
DA:31,6
DA:32,6
DA:33,6
DA:34,6
DA:35,3
DA:37,3
DA:39,6
DA:40,6
DA:41,6
DA:43,0
DA:45,0
DA:47,2
DA:49,0
DA:53,1
LF:28
LH:25
BRDA:3,0,0,9
BRDA:3,0,1,1
BRDA:4,1,0,8
BRDA:5,2,0,8
BRDA:5,2,1,0
BRDA:5,3,0,8
BRDA:5,3,1,1
BRDA:13,4,0,6
BRDA:13,4,1,2
BRDA:31,5,0,2
BRDA:31,5,1,4
BRDA:34,6,0,3
BRDA:34,6,1,3
BRF:13
BRH:12
end_of_record
