TN:
SF:src/CpfValidator.ts
FN:1,validate
FN:14,calculateDigit
FN:23,isInvalidLength
FN:27,allDigitsTheSame
FN:29,(anonymous_4)
FN:32,extractDigits
FNF:6
FNH:6
FNDA:20,validate
FNDA:14,calculateDigit
FNDA:18,isInvalidLength
FNDA:17,allDigitsTheSame
FNDA:124,(anonymous_4)
FNDA:7,extractDigits
DA:1,1
DA:2,20
DA:3,18
DA:4,18
DA:6,7
DA:7,7
DA:8,7
DA:9,7
DA:11,7
DA:15,14
DA:16,14
DA:17,154
DA:19,14
DA:20,14
DA:24,18
DA:28,17
DA:29,124
DA:33,7
LF:18
LH:18
BRDA:2,0,0,2
BRDA:4,1,0,11
BRDA:4,2,0,18
BRDA:4,2,1,17
BRDA:17,3,0,133
BRDA:20,4,0,5
BRDA:20,4,1,9
BRF:7
BRH:7
end_of_record
